{"E:\\code\\Relevel\\Module-4\\1.Dec\\20-CRM_APP\\crm-app\\CRM-APP\\config\\auth.config.js": {"path":"E:\\code\\Relevel\\Module-4\\1.Dec\\20-CRM_APP\\crm-app\\CRM-APP\\config\\auth.config.js","statementMap":{"0":{"start":{"line":1,"column":0},"end":{"line":1,"column":27}},"1":{"start":{"line":3,"column":0},"end":{"line":5,"column":1}}},"fnMap":{},"branchMap":{},"s":{"0":1,"1":1},"f":{},"b":{},"_coverageSchema":"1a1c01bbd47fc00a2c39e90264f33305004495a9","hash":"0f021e28b9a474526ea0d00b576189bc2e7e19c7"}
,"E:\\code\\Relevel\\Module-4\\1.Dec\\20-CRM_APP\\crm-app\\CRM-APP\\controller\\auth.controller.js": {"path":"E:\\code\\Relevel\\Module-4\\1.Dec\\20-CRM_APP\\crm-app\\CRM-APP\\controller\\auth.controller.js","statementMap":{"0":{"start":{"line":1,"column":13},"end":{"line":1,"column":44}},"1":{"start":{"line":2,"column":18},"end":{"line":2,"column":47}},"2":{"start":{"line":3,"column":15},"end":{"line":3,"column":32}},"3":{"start":{"line":4,"column":12},"end":{"line":4,"column":35}},"4":{"start":{"line":5,"column":15},"end":{"line":5,"column":47}},"5":{"start":{"line":7,"column":0},"end":{"line":42,"column":1}},"6":{"start":{"line":10,"column":4},"end":{"line":14,"column":5}},"7":{"start":{"line":11,"column":8},"end":{"line":11,"column":49}},"8":{"start":{"line":13,"column":8},"end":{"line":13,"column":50}},"9":{"start":{"line":15,"column":20},"end":{"line":22,"column":5}},"10":{"start":{"line":24,"column":4},"end":{"line":41,"column":5}},"11":{"start":{"line":25,"column":28},"end":{"line":25,"column":54}},"12":{"start":{"line":26,"column":29},"end":{"line":34,"column":9}},"13":{"start":{"line":35,"column":8},"end":{"line":35,"column":43}},"14":{"start":{"line":38,"column":8},"end":{"line":40,"column":10}},"15":{"start":{"line":44,"column":0},"end":{"line":83,"column":1}},"16":{"start":{"line":45,"column":17},"end":{"line":45,"column":64}},"17":{"start":{"line":46,"column":4},"end":{"line":46,"column":46}},"18":{"start":{"line":48,"column":4},"end":{"line":53,"column":5}},"19":{"start":{"line":49,"column":8},"end":{"line":51,"column":10}},"20":{"start":{"line":52,"column":8},"end":{"line":52,"column":14}},"21":{"start":{"line":55,"column":4},"end":{"line":60,"column":5}},"22":{"start":{"line":56,"column":8},"end":{"line":58,"column":10}},"23":{"start":{"line":59,"column":8},"end":{"line":59,"column":14}},"24":{"start":{"line":62,"column":26},"end":{"line":65,"column":5}},"25":{"start":{"line":67,"column":4},"end":{"line":72,"column":5}},"26":{"start":{"line":68,"column":8},"end":{"line":70,"column":10}},"27":{"start":{"line":71,"column":8},"end":{"line":71,"column":14}},"28":{"start":{"line":74,"column":16},"end":{"line":74,"column":86}},"29":{"start":{"line":75,"column":4},"end":{"line":82,"column":6}}},"fnMap":{"0":{"name":"(anonymous_0)","decl":{"start":{"line":7,"column":17},"end":{"line":7,"column":18}},"loc":{"start":{"line":7,"column":37},"end":{"line":42,"column":1}},"line":7},"1":{"name":"(anonymous_1)","decl":{"start":{"line":44,"column":17},"end":{"line":44,"column":18}},"loc":{"start":{"line":44,"column":37},"end":{"line":83,"column":1}},"line":44}},"branchMap":{"0":{"loc":{"start":{"line":10,"column":4},"end":{"line":14,"column":5}},"type":"if","locations":[{"start":{"line":10,"column":4},"end":{"line":14,"column":5}},{"start":{"line":12,"column":11},"end":{"line":14,"column":5}}],"line":10},"1":{"loc":{"start":{"line":10,"column":8},"end":{"line":10,"column":109}},"type":"binary-expr","locations":[{"start":{"line":10,"column":8},"end":{"line":10,"column":58}},{"start":{"line":10,"column":62},"end":{"line":10,"column":109}}],"line":10},"2":{"loc":{"start":{"line":48,"column":4},"end":{"line":53,"column":5}},"type":"if","locations":[{"start":{"line":48,"column":4},"end":{"line":53,"column":5}},{"start":{},"end":{}}],"line":48},"3":{"loc":{"start":{"line":55,"column":4},"end":{"line":60,"column":5}},"type":"if","locations":[{"start":{"line":55,"column":4},"end":{"line":60,"column":5}},{"start":{},"end":{}}],"line":55},"4":{"loc":{"start":{"line":67,"column":4},"end":{"line":72,"column":5}},"type":"if","locations":[{"start":{"line":67,"column":4},"end":{"line":72,"column":5}},{"start":{},"end":{}}],"line":67}},"s":{"0":1,"1":1,"2":1,"3":1,"4":1,"5":1,"6":1,"7":0,"8":1,"9":1,"10":1,"11":1,"12":1,"13":1,"14":0,"15":1,"16":4,"17":4,"18":4,"19":1,"20":1,"21":3,"22":1,"23":1,"24":2,"25":2,"26":1,"27":1,"28":1,"29":1},"f":{"0":1,"1":4},"b":{"0":[0,1],"1":[1,1],"2":[1,3],"3":[1,2],"4":[1,1]},"_coverageSchema":"1a1c01bbd47fc00a2c39e90264f33305004495a9","hash":"9361044bcef41d2469f974bbeb3baacb4409d51e"}
,"E:\\code\\Relevel\\Module-4\\1.Dec\\20-CRM_APP\\crm-app\\CRM-APP\\controller\\user.controller.js": {"path":"E:\\code\\Relevel\\Module-4\\1.Dec\\20-CRM_APP\\crm-app\\CRM-APP\\controller\\user.controller.js","statementMap":{"0":{"start":{"line":1,"column":16},"end":{"line":1,"column":34}},"1":{"start":{"line":2,"column":13},"end":{"line":2,"column":44}},"2":{"start":{"line":3,"column":24},"end":{"line":3,"column":59}},"3":{"start":{"line":4,"column":18},"end":{"line":4,"column":47}},"4":{"start":{"line":6,"column":17},"end":{"line":16,"column":1}},"5":{"start":{"line":8,"column":4},"end":{"line":14,"column":5}},"6":{"start":{"line":9,"column":8},"end":{"line":9,"column":34}},"7":{"start":{"line":11,"column":8},"end":{"line":13,"column":10}},"8":{"start":{"line":15,"column":4},"end":{"line":15,"column":16}},"9":{"start":{"line":18,"column":20},"end":{"line":32,"column":1}},"10":{"start":{"line":21,"column":4},"end":{"line":30,"column":5}},"11":{"start":{"line":22,"column":8},"end":{"line":24,"column":10}},"12":{"start":{"line":26,"column":8},"end":{"line":26,"column":75}},"13":{"start":{"line":27,"column":8},"end":{"line":29,"column":10}},"14":{"start":{"line":31,"column":4},"end":{"line":31,"column":16}},"15":{"start":{"line":34,"column":29},"end":{"line":49,"column":1}},"16":{"start":{"line":37,"column":4},"end":{"line":47,"column":5}},"17":{"start":{"line":38,"column":8},"end":{"line":41,"column":11}},"18":{"start":{"line":43,"column":8},"end":{"line":43,"column":119}},"19":{"start":{"line":44,"column":8},"end":{"line":46,"column":10}},"20":{"start":{"line":48,"column":4},"end":{"line":48,"column":17}},"21":{"start":{"line":51,"column":20},"end":{"line":65,"column":1}},"22":{"start":{"line":54,"column":4},"end":{"line":63,"column":5}},"23":{"start":{"line":55,"column":8},"end":{"line":57,"column":11}},"24":{"start":{"line":59,"column":8},"end":{"line":59,"column":85}},"25":{"start":{"line":60,"column":8},"end":{"line":62,"column":10}},"26":{"start":{"line":64,"column":4},"end":{"line":64,"column":17}},"27":{"start":{"line":67,"column":22},"end":{"line":81,"column":1}},"28":{"start":{"line":70,"column":4},"end":{"line":79,"column":5}},"29":{"start":{"line":71,"column":8},"end":{"line":73,"column":10}},"30":{"start":{"line":75,"column":8},"end":{"line":75,"column":25}},"31":{"start":{"line":76,"column":8},"end":{"line":78,"column":10}},"32":{"start":{"line":80,"column":4},"end":{"line":80,"column":17}},"33":{"start":{"line":83,"column":0},"end":{"line":103,"column":1}},"34":{"start":{"line":84,"column":22},"end":{"line":84,"column":39}},"35":{"start":{"line":87,"column":4},"end":{"line":95,"column":5}},"36":{"start":{"line":88,"column":8},"end":{"line":90,"column":10}},"37":{"start":{"line":92,"column":8},"end":{"line":94,"column":10}},"38":{"start":{"line":96,"column":4},"end":{"line":102,"column":5}},"39":{"start":{"line":97,"column":8},"end":{"line":97,"column":35}},"40":{"start":{"line":99,"column":8},"end":{"line":101,"column":10}},"41":{"start":{"line":110,"column":0},"end":{"line":129,"column":1}},"42":{"start":{"line":113,"column":22},"end":{"line":113,"column":40}},"43":{"start":{"line":114,"column":24},"end":{"line":114,"column":43}},"44":{"start":{"line":115,"column":22},"end":{"line":115,"column":36}},"45":{"start":{"line":117,"column":4},"end":{"line":127,"column":5}},"46":{"start":{"line":118,"column":8},"end":{"line":118,"column":51}},"47":{"start":{"line":119,"column":11},"end":{"line":127,"column":5}},"48":{"start":{"line":120,"column":8},"end":{"line":120,"column":77}},"49":{"start":{"line":121,"column":11},"end":{"line":127,"column":5}},"50":{"start":{"line":122,"column":8},"end":{"line":122,"column":51}},"51":{"start":{"line":123,"column":11},"end":{"line":127,"column":5}},"52":{"start":{"line":124,"column":8},"end":{"line":124,"column":55}},"53":{"start":{"line":126,"column":8},"end":{"line":126,"column":34}},"54":{"start":{"line":128,"column":4},"end":{"line":128,"column":60}},"55":{"start":{"line":131,"column":0},"end":{"line":155,"column":1}},"56":{"start":{"line":132,"column":22},"end":{"line":132,"column":39}},"57":{"start":{"line":133,"column":4},"end":{"line":154,"column":5}},"58":{"start":{"line":134,"column":21},"end":{"line":138,"column":17}},"59":{"start":{"line":140,"column":8},"end":{"line":148,"column":9}},"60":{"start":{"line":141,"column":12},"end":{"line":143,"column":14}},"61":{"start":{"line":145,"column":12},"end":{"line":147,"column":14}},"62":{"start":{"line":150,"column":8},"end":{"line":150,"column":60}},"63":{"start":{"line":151,"column":8},"end":{"line":153,"column":10}}},"fnMap":{"0":{"name":"(anonymous_0)","decl":{"start":{"line":6,"column":17},"end":{"line":6,"column":18}},"loc":{"start":{"line":6,"column":32},"end":{"line":16,"column":1}},"line":6},"1":{"name":"(anonymous_1)","decl":{"start":{"line":18,"column":20},"end":{"line":18,"column":21}},"loc":{"start":{"line":18,"column":48},"end":{"line":32,"column":1}},"line":18},"2":{"name":"(anonymous_2)","decl":{"start":{"line":34,"column":29},"end":{"line":34,"column":30}},"loc":{"start":{"line":34,"column":72},"end":{"line":49,"column":1}},"line":34},"3":{"name":"(anonymous_3)","decl":{"start":{"line":51,"column":20},"end":{"line":51,"column":21}},"loc":{"start":{"line":51,"column":48},"end":{"line":65,"column":1}},"line":51},"4":{"name":"(anonymous_4)","decl":{"start":{"line":67,"column":22},"end":{"line":67,"column":23}},"loc":{"start":{"line":67,"column":52},"end":{"line":81,"column":1}},"line":67},"5":{"name":"(anonymous_5)","decl":{"start":{"line":83,"column":19},"end":{"line":83,"column":20}},"loc":{"start":{"line":83,"column":39},"end":{"line":103,"column":1}},"line":83},"6":{"name":"(anonymous_6)","decl":{"start":{"line":110,"column":18},"end":{"line":110,"column":19}},"loc":{"start":{"line":110,"column":38},"end":{"line":129,"column":1}},"line":110},"7":{"name":"(anonymous_7)","decl":{"start":{"line":131,"column":17},"end":{"line":131,"column":18}},"loc":{"start":{"line":131,"column":37},"end":{"line":155,"column":1}},"line":131}},"branchMap":{"0":{"loc":{"start":{"line":96,"column":4},"end":{"line":102,"column":5}},"type":"if","locations":[{"start":{"line":96,"column":4},"end":{"line":102,"column":5}},{"start":{"line":98,"column":11},"end":{"line":102,"column":5}}],"line":96},"1":{"loc":{"start":{"line":117,"column":4},"end":{"line":127,"column":5}},"type":"if","locations":[{"start":{"line":117,"column":4},"end":{"line":127,"column":5}},{"start":{"line":119,"column":11},"end":{"line":127,"column":5}}],"line":117},"2":{"loc":{"start":{"line":119,"column":11},"end":{"line":127,"column":5}},"type":"if","locations":[{"start":{"line":119,"column":11},"end":{"line":127,"column":5}},{"start":{"line":121,"column":11},"end":{"line":127,"column":5}}],"line":119},"3":{"loc":{"start":{"line":119,"column":15},"end":{"line":119,"column":43}},"type":"binary-expr","locations":[{"start":{"line":119,"column":15},"end":{"line":119,"column":26}},{"start":{"line":119,"column":30},"end":{"line":119,"column":43}}],"line":119},"4":{"loc":{"start":{"line":121,"column":11},"end":{"line":127,"column":5}},"type":"if","locations":[{"start":{"line":121,"column":11},"end":{"line":127,"column":5}},{"start":{"line":123,"column":11},"end":{"line":127,"column":5}}],"line":121},"5":{"loc":{"start":{"line":123,"column":11},"end":{"line":127,"column":5}},"type":"if","locations":[{"start":{"line":123,"column":11},"end":{"line":127,"column":5}},{"start":{"line":125,"column":11},"end":{"line":127,"column":5}}],"line":123},"6":{"loc":{"start":{"line":140,"column":8},"end":{"line":148,"column":9}},"type":"if","locations":[{"start":{"line":140,"column":8},"end":{"line":148,"column":9}},{"start":{"line":144,"column":15},"end":{"line":148,"column":9}}],"line":140}},"s":{"0":1,"1":1,"2":1,"3":1,"4":1,"5":8,"6":8,"7":4,"8":8,"9":1,"10":2,"11":2,"12":1,"13":1,"14":2,"15":1,"16":0,"17":0,"18":0,"19":0,"20":0,"21":1,"22":0,"23":0,"24":0,"25":0,"26":0,"27":1,"28":0,"29":0,"30":0,"31":0,"32":0,"33":1,"34":3,"35":3,"36":3,"37":1,"38":1,"39":0,"40":1,"41":1,"42":10,"43":10,"44":10,"45":10,"46":2,"47":8,"48":0,"49":8,"50":0,"51":8,"52":0,"53":8,"54":10,"55":1,"56":3,"57":3,"58":3,"59":2,"60":1,"61":1,"62":1,"63":1},"f":{"0":8,"1":2,"2":0,"3":0,"4":0,"5":3,"6":10,"7":3},"b":{"0":[0,1],"1":[2,8],"2":[0,8],"3":[8,0],"4":[0,8],"5":[0,8],"6":[1,1]},"_coverageSchema":"1a1c01bbd47fc00a2c39e90264f33305004495a9","hash":"72beafe1a613ba2f4a64f5f857834d792ff6009f"}
,"E:\\code\\Relevel\\Module-4\\1.Dec\\20-CRM_APP\\crm-app\\CRM-APP\\models\\user.model.js": {"path":"E:\\code\\Relevel\\Module-4\\1.Dec\\20-CRM_APP\\crm-app\\CRM-APP\\models\\user.model.js","statementMap":{"0":{"start":{"line":1,"column":17},"end":{"line":1,"column":36}},"1":{"start":{"line":3,"column":19},"end":{"line":51,"column":2}},"2":{"start":{"line":27,"column":23},"end":{"line":27,"column":33}},"3":{"start":{"line":31,"column":23},"end":{"line":31,"column":33}},"4":{"start":{"line":52,"column":0},"end":{"line":52,"column":52}}},"fnMap":{"0":{"name":"(anonymous_0)","decl":{"start":{"line":27,"column":17},"end":{"line":27,"column":18}},"loc":{"start":{"line":27,"column":23},"end":{"line":27,"column":33}},"line":27},"1":{"name":"(anonymous_1)","decl":{"start":{"line":31,"column":17},"end":{"line":31,"column":18}},"loc":{"start":{"line":31,"column":23},"end":{"line":31,"column":33}},"line":31}},"branchMap":{},"s":{"0":2,"1":2,"2":0,"3":0,"4":2},"f":{"0":0,"1":0},"b":{},"_coverageSchema":"1a1c01bbd47fc00a2c39e90264f33305004495a9","hash":"74cbcc91df070256b692d36ab78e64df92e3e7ed"}
,"E:\\code\\Relevel\\Module-4\\1.Dec\\20-CRM_APP\\crm-app\\CRM-APP\\test\\db.js": {"path":"E:\\code\\Relevel\\Module-4\\1.Dec\\20-CRM_APP\\crm-app\\CRM-APP\\test\\db.js","statementMap":{"0":{"start":{"line":1,"column":30},"end":{"line":1,"column":62}},"1":{"start":{"line":2,"column":17},"end":{"line":2,"column":36}},"2":{"start":{"line":6,"column":0},"end":{"line":16,"column":1}},"3":{"start":{"line":7,"column":4},"end":{"line":15,"column":5}},"4":{"start":{"line":8,"column":8},"end":{"line":8,"column":49}},"5":{"start":{"line":9,"column":20},"end":{"line":9,"column":35}},"6":{"start":{"line":10,"column":28},"end":{"line":13,"column":9}},"7":{"start":{"line":14,"column":8},"end":{"line":14,"column":48}},"8":{"start":{"line":18,"column":0},"end":{"line":22,"column":1}},"9":{"start":{"line":19,"column":4},"end":{"line":19,"column":44}},"10":{"start":{"line":20,"column":4},"end":{"line":20,"column":37}},"11":{"start":{"line":21,"column":4},"end":{"line":21,"column":35}},"12":{"start":{"line":21,"column":16},"end":{"line":21,"column":35}},"13":{"start":{"line":24,"column":0},"end":{"line":31,"column":1}},"14":{"start":{"line":25,"column":24},"end":{"line":25,"column":55}},"15":{"start":{"line":26,"column":4},"end":{"line":30,"column":5}},"16":{"start":{"line":27,"column":8},"end":{"line":27,"column":25}},"17":{"start":{"line":28,"column":27},"end":{"line":28,"column":44}},"18":{"start":{"line":29,"column":8},"end":{"line":29,"column":37}}},"fnMap":{"0":{"name":"(anonymous_0)","decl":{"start":{"line":6,"column":18},"end":{"line":6,"column":19}},"loc":{"start":{"line":6,"column":30},"end":{"line":16,"column":1}},"line":6},"1":{"name":"(anonymous_1)","decl":{"start":{"line":18,"column":24},"end":{"line":18,"column":25}},"loc":{"start":{"line":18,"column":36},"end":{"line":22,"column":1}},"line":18},"2":{"name":"(anonymous_2)","decl":{"start":{"line":24,"column":24},"end":{"line":24,"column":25}},"loc":{"start":{"line":24,"column":36},"end":{"line":31,"column":1}},"line":24}},"branchMap":{"0":{"loc":{"start":{"line":7,"column":4},"end":{"line":15,"column":5}},"type":"if","locations":[{"start":{"line":7,"column":4},"end":{"line":15,"column":5}},{"start":{},"end":{}}],"line":7},"1":{"loc":{"start":{"line":21,"column":4},"end":{"line":21,"column":35}},"type":"if","locations":[{"start":{"line":21,"column":4},"end":{"line":21,"column":35}},{"start":{},"end":{}}],"line":21}},"s":{"0":1,"1":1,"2":1,"3":0,"4":0,"5":0,"6":0,"7":0,"8":1,"9":0,"10":0,"11":0,"12":0,"13":1,"14":0,"15":0,"16":0,"17":0,"18":0},"f":{"0":0,"1":0,"2":0},"b":{"0":[0,0],"1":[0,0]},"_coverageSchema":"1a1c01bbd47fc00a2c39e90264f33305004495a9","hash":"619e25c87a9703fe0318cd32b086d7d4c952ffdc"}
,"E:\\code\\Relevel\\Module-4\\1.Dec\\20-CRM_APP\\crm-app\\CRM-APP\\test\\interceptor.js": {"path":"E:\\code\\Relevel\\Module-4\\1.Dec\\20-CRM_APP\\crm-app\\CRM-APP\\test\\interceptor.js","statementMap":{"0":{"start":{"line":1,"column":0},"end":{"line":15,"column":1}},"1":{"start":{"line":3,"column":20},"end":{"line":3,"column":22}},"2":{"start":{"line":4,"column":8},"end":{"line":4,"column":50}},"3":{"start":{"line":5,"column":8},"end":{"line":5,"column":52}},"4":{"start":{"line":6,"column":8},"end":{"line":6,"column":18}},"5":{"start":{"line":9,"column":20},"end":{"line":9,"column":22}},"6":{"start":{"line":10,"column":8},"end":{"line":10,"column":50}},"7":{"start":{"line":11,"column":8},"end":{"line":11,"column":52}},"8":{"start":{"line":12,"column":8},"end":{"line":12,"column":50}},"9":{"start":{"line":13,"column":8},"end":{"line":13,"column":19}}},"fnMap":{"0":{"name":"(anonymous_0)","decl":{"start":{"line":2,"column":16},"end":{"line":2,"column":17}},"loc":{"start":{"line":2,"column":20},"end":{"line":7,"column":5}},"line":2},"1":{"name":"(anonymous_1)","decl":{"start":{"line":8,"column":17},"end":{"line":8,"column":18}},"loc":{"start":{"line":8,"column":21},"end":{"line":14,"column":5}},"line":8}},"branchMap":{},"s":{"0":2,"1":21,"2":21,"3":21,"4":21,"5":21,"6":21,"7":21,"8":21,"9":21},"f":{"0":21,"1":21},"b":{},"_coverageSchema":"1a1c01bbd47fc00a2c39e90264f33305004495a9","hash":"da300f8dabea2419e34921395438c0b543950b17"}
,"E:\\code\\Relevel\\Module-4\\1.Dec\\20-CRM_APP\\crm-app\\CRM-APP\\utils\\constants.js": {"path":"E:\\code\\Relevel\\Module-4\\1.Dec\\20-CRM_APP\\crm-app\\CRM-APP\\utils\\constants.js","statementMap":{"0":{"start":{"line":1,"column":0},"end":{"line":12,"column":1}}},"fnMap":{},"branchMap":{},"s":{"0":2},"f":{},"b":{},"_coverageSchema":"1a1c01bbd47fc00a2c39e90264f33305004495a9","hash":"5507feb70445af0630bae51360c69dbf073e960b"}
,"E:\\code\\Relevel\\Module-4\\1.Dec\\20-CRM_APP\\crm-app\\CRM-APP\\utils\\objectConverter.js": {"path":"E:\\code\\Relevel\\Module-4\\1.Dec\\20-CRM_APP\\crm-app\\CRM-APP\\utils\\objectConverter.js","statementMap":{"0":{"start":{"line":1,"column":0},"end":{"line":13,"column":1}},"1":{"start":{"line":2,"column":21},"end":{"line":2,"column":23}},"2":{"start":{"line":3,"column":4},"end":{"line":11,"column":7}},"3":{"start":{"line":4,"column":8},"end":{"line":10,"column":10}},"4":{"start":{"line":12,"column":4},"end":{"line":12,"column":22}},"5":{"start":{"line":15,"column":0},"end":{"line":27,"column":1}},"6":{"start":{"line":16,"column":4},"end":{"line":26,"column":5}},"7":{"start":{"line":29,"column":0},"end":{"line":35,"column":1}},"8":{"start":{"line":30,"column":23},"end":{"line":30,"column":25}},"9":{"start":{"line":31,"column":4},"end":{"line":33,"column":6}},"10":{"start":{"line":32,"column":8},"end":{"line":32,"column":64}},"11":{"start":{"line":34,"column":4},"end":{"line":34,"column":24}}},"fnMap":{"0":{"name":"(anonymous_0)","decl":{"start":{"line":1,"column":23},"end":{"line":1,"column":24}},"loc":{"start":{"line":1,"column":34},"end":{"line":13,"column":1}},"line":1},"1":{"name":"(anonymous_1)","decl":{"start":{"line":3,"column":18},"end":{"line":3,"column":19}},"loc":{"start":{"line":3,"column":26},"end":{"line":11,"column":5}},"line":3},"2":{"name":"(anonymous_2)","decl":{"start":{"line":15,"column":25},"end":{"line":15,"column":26}},"loc":{"start":{"line":15,"column":37},"end":{"line":27,"column":1}},"line":15},"3":{"name":"(anonymous_3)","decl":{"start":{"line":29,"column":29},"end":{"line":29,"column":30}},"loc":{"start":{"line":29,"column":41},"end":{"line":35,"column":1}},"line":29},"4":{"name":"(anonymous_4)","decl":{"start":{"line":31,"column":19},"end":{"line":31,"column":20}},"loc":{"start":{"line":31,"column":29},"end":{"line":33,"column":5}},"line":31}},"branchMap":{},"s":{"0":1,"1":10,"2":10,"3":5,"4":5,"5":1,"6":0,"7":1,"8":0,"9":0,"10":0,"11":0},"f":{"0":10,"1":5,"2":0,"3":0,"4":0},"b":{},"_coverageSchema":"1a1c01bbd47fc00a2c39e90264f33305004495a9","hash":"17f8e29ccc272e969cb91dc2efd5b693eb2f513c"}
}
