TN:
SF:config\auth.config.js
FNF:0
FNH:0
DA:1,1
DA:3,1
LF:2
LH:2
BRF:0
BRH:0
end_of_record
TN:
SF:controller\auth.controller.js
FN:7,(anonymous_0)
FN:44,(anonymous_1)
FNF:2
FNH:2
FNDA:1,(anonymous_0)
FNDA:4,(anonymous_1)
DA:1,1
DA:2,1
DA:3,1
DA:4,1
DA:5,1
DA:7,1
DA:10,1
DA:11,0
DA:13,1
DA:15,1
DA:24,1
DA:25,1
DA:26,1
DA:35,1
DA:38,0
DA:44,1
DA:45,4
DA:46,4
DA:48,4
DA:49,1
DA:52,1
DA:55,3
DA:56,1
DA:59,1
DA:62,2
DA:67,2
DA:68,1
DA:71,1
DA:74,1
DA:75,1
LF:30
LH:28
BRDA:10,0,0,0
BRDA:10,0,1,1
BRDA:10,1,0,1
BRDA:10,1,1,1
BRDA:48,2,0,1
BRDA:48,2,1,3
BRDA:55,3,0,1
BRDA:55,3,1,2
BRDA:67,4,0,1
BRDA:67,4,1,1
BRF:10
BRH:9
end_of_record
TN:
SF:controller\user.controller.js
FN:6,(anonymous_0)
FN:18,(anonymous_1)
FN:34,(anonymous_2)
FN:51,(anonymous_3)
FN:67,(anonymous_4)
FN:83,(anonymous_5)
FN:110,(anonymous_6)
FN:131,(anonymous_7)
FNF:8
FNH:5
FNDA:8,(anonymous_0)
FNDA:2,(anonymous_1)
FNDA:0,(anonymous_2)
FNDA:0,(anonymous_3)
FNDA:0,(anonymous_4)
FNDA:3,(anonymous_5)
FNDA:10,(anonymous_6)
FNDA:3,(anonymous_7)
DA:1,1
DA:2,1
DA:3,1
DA:4,1
DA:6,1
DA:8,8
DA:9,8
DA:11,4
DA:15,8
DA:18,1
DA:21,2
DA:22,2
DA:26,1
DA:27,1
DA:31,2
DA:34,1
DA:37,0
DA:38,0
DA:43,0
DA:44,0
DA:48,0
DA:51,1
DA:54,0
DA:55,0
DA:59,0
DA:60,0
DA:64,0
DA:67,1
DA:70,0
DA:71,0
DA:75,0
DA:76,0
DA:80,0
DA:83,1
DA:84,3
DA:87,3
DA:88,3
DA:92,1
DA:96,1
DA:97,0
DA:99,1
DA:110,1
DA:113,10
DA:114,10
DA:115,10
DA:117,10
DA:118,2
DA:119,8
DA:120,0
DA:121,8
DA:122,0
DA:123,8
DA:124,0
DA:126,8
DA:128,10
DA:131,1
DA:132,3
DA:133,3
DA:134,3
DA:140,2
DA:141,1
DA:145,1
DA:150,1
DA:151,1
LF:64
LH:45
BRDA:96,0,0,0
BRDA:96,0,1,1
BRDA:117,1,0,2
BRDA:117,1,1,8
BRDA:119,2,0,0
BRDA:119,2,1,8
BRDA:119,3,0,8
BRDA:119,3,1,0
BRDA:121,4,0,0
BRDA:121,4,1,8
BRDA:123,5,0,0
BRDA:123,5,1,8
BRDA:140,6,0,1
BRDA:140,6,1,1
BRF:14
BRH:9
end_of_record
TN:
SF:models\user.model.js
FN:27,(anonymous_0)
FN:31,(anonymous_1)
FNF:2
FNH:0
FNDA:0,(anonymous_0)
FNDA:0,(anonymous_1)
DA:1,2
DA:3,2
DA:27,0
DA:31,0
DA:52,2
LF:5
LH:3
BRF:0
BRH:0
end_of_record
TN:
SF:test\db.js
FN:6,(anonymous_0)
FN:18,(anonymous_1)
FN:24,(anonymous_2)
FNF:3
FNH:0
FNDA:0,(anonymous_0)
FNDA:0,(anonymous_1)
FNDA:0,(anonymous_2)
DA:1,1
DA:2,1
DA:6,1
DA:7,0
DA:8,0
DA:9,0
DA:10,0
DA:14,0
DA:18,1
DA:19,0
DA:20,0
DA:21,0
DA:24,1
DA:25,0
DA:26,0
DA:27,0
DA:28,0
DA:29,0
LF:18
LH:5
BRDA:7,0,0,0
BRDA:7,0,1,0
BRDA:21,1,0,0
BRDA:21,1,1,0
BRF:4
BRH:0
end_of_record
TN:
SF:test\interceptor.js
FN:2,(anonymous_0)
FN:8,(anonymous_1)
FNF:2
FNH:2
FNDA:21,(anonymous_0)
FNDA:21,(anonymous_1)
DA:1,2
DA:3,21
DA:4,21
DA:5,21
DA:6,21
DA:9,21
DA:10,21
DA:11,21
DA:12,21
DA:13,21
LF:10
LH:10
BRF:0
BRH:0
end_of_record
TN:
SF:utils\constants.js
FNF:0
FNH:0
DA:1,2
LF:1
LH:1
BRF:0
BRH:0
end_of_record
TN:
SF:utils\objectConverter.js
FN:1,(anonymous_0)
FN:3,(anonymous_1)
FN:15,(anonymous_2)
FN:29,(anonymous_3)
FN:31,(anonymous_4)
FNF:5
FNH:2
FNDA:10,(anonymous_0)
FNDA:5,(anonymous_1)
FNDA:0,(anonymous_2)
FNDA:0,(anonymous_3)
FNDA:0,(anonymous_4)
DA:1,1
DA:2,10
DA:3,10
DA:4,5
DA:12,5
DA:15,1
DA:16,0
DA:29,1
DA:30,0
DA:31,0
DA:32,0
DA:34,0
LF:12
LH:7
BRF:0
BRH:0
end_of_record
